array (
  'upload_item' => 
  array (
    'name' => 'IMG_20140727_130149.jpg',
    'type' => 'image/jpeg',
    'tmp_name' => '/private/var/tmp/phpHYuYVr',
    'error' => 0,
    'size' => 485388,
  ),
)
array (
  'upload_item' => 
  array (
    'name' => 'IMG_20140727_130149.jpg',
    'type' => 'image/jpeg',
    'tmp_name' => '/private/var/tmp/phptpOaKF',
    'error' => 0,
    'size' => 485388,
  ),
)
array (
  'upload_item' => 
  array (
    'name' => 'IMG_20140727_130149.jpg',
    'type' => 'image/jpeg',
    'tmp_name' => '/private/var/tmp/php5Qyu2u',
    'error' => 0,
    'size' => 485388,
  ),
)
array (
  'upload_item' => 
  array (
    'name' => 'IMG_20140727_130149.jpg',
    'type' => 'image/jpeg',
    'tmp_name' => '/private/var/tmp/phpQDZ6O3',
    'error' => 0,
    'size' => 485388,
  ),
)
array (
  'upload_item' => 
  array (
    'name' => 'IMG_20140727_130149.jpg',
    'type' => 'image/jpeg',
    'tmp_name' => '/private/var/tmp/phpk0xSF3',
    'error' => 0,
    'size' => 485388,
  ),
)
array (
  'upload_item' => 
  array (
    'name' => 'IMG_20140727_130149.jpg',
    'type' => 'image/jpeg',
    'tmp_name' => '/private/var/tmp/phpH7mFdI',
    'error' => 0,
    'size' => 485388,
  ),
)
array (
  'upload_item' => 
  array (
    'name' => 'IMG_20140727_130149.jpg',
    'type' => 'image/jpeg',
    'tmp_name' => '/private/var/tmp/phpBizuLw',
    'error' => 0,
    'size' => 485388,
  ),
)
array (
  'upload_item' => 
  array (
    'name' => 'IMG_20140727_130149.jpg',
    'type' => 'image/jpeg',
    'tmp_name' => '/private/var/tmp/phpZAhg5O',
    'error' => 0,
    'size' => 485388,
  ),
)
array (
  'upload_item' => 
  array (
    'name' => 'IMG_20140727_130149.jpg',
    'type' => 'image/jpeg',
    'tmp_name' => '/private/var/tmp/phpnp0wI5',
    'error' => 0,
    'size' => 485388,
  ),
)
array (
  'upload_item' => 
  array (
    'name' => 'IMG_20140727_130149.jpg',
    'type' => 'image/jpeg',
    'tmp_name' => '/private/var/tmp/phpneKO76',
    'error' => 0,
    'size' => 485388,
  ),
)
array (
  'upload_item' => 
  array (
    'name' => 'IMG_20140727_130149.jpg',
    'type' => 'image/jpeg',
    'tmp_name' => '/private/var/tmp/php4FhjGS',
    'error' => 0,
    'size' => 485388,
  ),
)
array (
  'upload_item' => 
  array (
    'name' => 'IMG_20140727_130149.jpg',
    'type' => 'image/jpeg',
    'tmp_name' => '/private/var/tmp/phpJjbwXj',
    'error' => 0,
    'size' => 485388,
  ),
)
array (
  'upload_item' => 
  array (
    'name' => 'IMG_20140727_130149.jpg',
    'type' => 'image/jpeg',
    'tmp_name' => '/private/var/tmp/phptVTHEJ',
    'error' => 0,
    'size' => 485388,
  ),
)
array (
  'upload_item' => 
  array (
    'name' => 'IMG_20140727_130149.jpg',
    'type' => 'image/jpeg',
    'tmp_name' => '/private/var/tmp/phpDojwMK',
    'error' => 0,
    'size' => 485388,
  ),
)
array (
  'upload_item' => 
  array (
    'name' => 'IMG_20140727_130149.jpg',
    'type' => 'image/jpeg',
    'tmp_name' => '/private/var/tmp/phpEWHwm9',
    'error' => 0,
    'size' => 485388,
  ),
)
array (
  'upload_item' => 
  array (
    'name' => 'IMG_20140727_130149.jpg',
    'type' => 'image/jpeg',
    'tmp_name' => '/private/var/tmp/phpOKOQMV',
    'error' => 0,
    'size' => 485388,
  ),
)
array (
  'upload_item' => 
  array (
    'name' => 'IMG_20140727_130149.jpg',
    'type' => 'image/jpeg',
    'tmp_name' => '/private/var/tmp/php8o1YFe',
    'error' => 0,
    'size' => 485388,
  ),
)
array (
  'upload_item' => 
  array (
    'name' => 'IMG_20140727_130149.jpg',
    'type' => 'image/jpeg',
    'tmp_name' => '/private/var/tmp/phphmRQnt',
    'error' => 0,
    'size' => 485388,
  ),
)
array (
  'upload_item' => 
  array (
    'name' => 'IMG_20140727_130149.jpg',
    'type' => 'image/jpeg',
    'tmp_name' => '/private/var/tmp/phpLQUbEL',
    'error' => 0,
    'size' => 485388,
  ),
)
